mode: set
github.com/savio/sbs-logger/cmd/tracker/main.go:53.68,61.2 1 1
github.com/savio/sbs-logger/cmd/tracker/main.go:64.57,67.16 2 1
github.com/savio/sbs-logger/cmd/tracker/main.go:67.16,69.3 1 1
github.com/savio/sbs-logger/cmd/tracker/main.go:72.2,72.33 1 1
github.com/savio/sbs-logger/cmd/tracker/main.go:72.33,74.58 2 1
github.com/savio/sbs-logger/cmd/tracker/main.go:74.58,76.4 1 1
github.com/savio/sbs-logger/cmd/tracker/main.go:80.2,80.43 1 1
github.com/savio/sbs-logger/cmd/tracker/main.go:80.43,82.3 1 0
github.com/savio/sbs-logger/cmd/tracker/main.go:85.2,88.12 3 1
github.com/savio/sbs-logger/cmd/tracker/main.go:92.68,99.16 5 1
github.com/savio/sbs-logger/cmd/tracker/main.go:99.16,102.3 2 1
github.com/savio/sbs-logger/cmd/tracker/main.go:105.2,105.18 1 1
github.com/savio/sbs-logger/cmd/tracker/main.go:105.18,107.3 1 0
github.com/savio/sbs-logger/cmd/tracker/main.go:109.2,114.16 4 1
github.com/savio/sbs-logger/cmd/tracker/main.go:114.16,116.3 1 1
github.com/savio/sbs-logger/cmd/tracker/main.go:116.8,116.19 1 1
github.com/savio/sbs-logger/cmd/tracker/main.go:116.19,118.3 1 0
github.com/savio/sbs-logger/cmd/tracker/main.go:121.2,122.13 2 1
github.com/savio/sbs-logger/cmd/tracker/main.go:122.13,124.3 1 1
github.com/savio/sbs-logger/cmd/tracker/main.go:124.8,127.3 1 0
github.com/savio/sbs-logger/cmd/tracker/main.go:130.2,130.80 1 1
github.com/savio/sbs-logger/cmd/tracker/main.go:130.80,132.3 1 0
github.com/savio/sbs-logger/cmd/tracker/main.go:135.2,135.55 1 1
github.com/savio/sbs-logger/cmd/tracker/main.go:135.55,137.3 1 1
github.com/savio/sbs-logger/cmd/tracker/main.go:138.2,141.46 2 1
github.com/savio/sbs-logger/cmd/tracker/main.go:141.46,143.3 1 0
github.com/savio/sbs-logger/cmd/tracker/main.go:146.2,150.12 4 1
github.com/savio/sbs-logger/cmd/tracker/main.go:154.77,155.29 1 1
github.com/savio/sbs-logger/cmd/tracker/main.go:155.29,157.3 1 1
github.com/savio/sbs-logger/cmd/tracker/main.go:158.2,158.28 1 1
github.com/savio/sbs-logger/cmd/tracker/main.go:158.28,160.3 1 1
github.com/savio/sbs-logger/cmd/tracker/main.go:161.2,161.31 1 1
github.com/savio/sbs-logger/cmd/tracker/main.go:161.31,163.3 1 0
github.com/savio/sbs-logger/cmd/tracker/main.go:164.2,164.25 1 1
github.com/savio/sbs-logger/cmd/tracker/main.go:164.25,166.3 1 1
github.com/savio/sbs-logger/cmd/tracker/main.go:167.2,167.28 1 1
github.com/savio/sbs-logger/cmd/tracker/main.go:167.28,169.3 1 1
github.com/savio/sbs-logger/cmd/tracker/main.go:170.2,170.29 1 1
github.com/savio/sbs-logger/cmd/tracker/main.go:170.29,172.3 1 1
github.com/savio/sbs-logger/cmd/tracker/main.go:173.2,173.32 1 1
github.com/savio/sbs-logger/cmd/tracker/main.go:173.32,175.3 1 1
github.com/savio/sbs-logger/cmd/tracker/main.go:176.2,176.27 1 1
github.com/savio/sbs-logger/cmd/tracker/main.go:176.27,178.3 1 1
github.com/savio/sbs-logger/cmd/tracker/main.go:179.2,180.41 2 1
github.com/savio/sbs-logger/cmd/tracker/main.go:184.71,187.16 2 1
github.com/savio/sbs-logger/cmd/tracker/main.go:187.16,189.3 1 1
github.com/savio/sbs-logger/cmd/tracker/main.go:192.2,192.19 1 1
github.com/savio/sbs-logger/cmd/tracker/main.go:192.19,194.3 1 1
github.com/savio/sbs-logger/cmd/tracker/main.go:196.2,196.19 1 1
github.com/savio/sbs-logger/cmd/tracker/main.go:196.19,209.75 3 1
github.com/savio/sbs-logger/cmd/tracker/main.go:209.75,211.4 1 1
github.com/savio/sbs-logger/cmd/tracker/main.go:214.3,214.51 1 1
github.com/savio/sbs-logger/cmd/tracker/main.go:214.51,216.4 1 1
github.com/savio/sbs-logger/cmd/tracker/main.go:217.3,217.36 1 1
github.com/savio/sbs-logger/cmd/tracker/main.go:218.8,222.42 3 1
github.com/savio/sbs-logger/cmd/tracker/main.go:222.42,224.4 1 1
github.com/savio/sbs-logger/cmd/tracker/main.go:225.3,225.48 1 1
github.com/savio/sbs-logger/cmd/tracker/main.go:225.48,227.4 1 1
github.com/savio/sbs-logger/cmd/tracker/main.go:230.3,230.50 1 1
github.com/savio/sbs-logger/cmd/tracker/main.go:230.50,236.85 4 1
github.com/savio/sbs-logger/cmd/tracker/main.go:236.85,238.5 1 0
github.com/savio/sbs-logger/cmd/tracker/main.go:239.4,239.92 1 1
github.com/savio/sbs-logger/cmd/tracker/main.go:239.92,241.5 1 0
github.com/savio/sbs-logger/cmd/tracker/main.go:244.4,244.52 1 1
github.com/savio/sbs-logger/cmd/tracker/main.go:244.52,246.5 1 1
github.com/savio/sbs-logger/cmd/tracker/main.go:247.4,247.35 1 1
github.com/savio/sbs-logger/cmd/tracker/main.go:248.9,250.76 1 1
github.com/savio/sbs-logger/cmd/tracker/main.go:250.76,252.5 1 0
github.com/savio/sbs-logger/cmd/tracker/main.go:253.4,253.37 1 1
github.com/savio/sbs-logger/cmd/tracker/main.go:257.2,257.12 1 1
github.com/savio/sbs-logger/cmd/tracker/main.go:261.54,265.6 3 1
github.com/savio/sbs-logger/cmd/tracker/main.go:265.6,266.10 1 1
github.com/savio/sbs-logger/cmd/tracker/main.go:267.21,268.10 1 1
github.com/savio/sbs-logger/cmd/tracker/main.go:269.19,270.42 1 0
github.com/savio/sbs-logger/cmd/tracker/main.go:275.13,278.19 2 0
github.com/savio/sbs-logger/cmd/tracker/main.go:278.19,280.3 1 0
github.com/savio/sbs-logger/cmd/tracker/main.go:282.2,283.21 2 0
github.com/savio/sbs-logger/cmd/tracker/main.go:283.21,285.3 1 0
github.com/savio/sbs-logger/cmd/tracker/main.go:287.2,288.21 2 0
github.com/savio/sbs-logger/cmd/tracker/main.go:288.21,290.3 1 0
github.com/savio/sbs-logger/cmd/tracker/main.go:293.2,294.16 2 0
github.com/savio/sbs-logger/cmd/tracker/main.go:294.16,297.3 2 0
github.com/savio/sbs-logger/cmd/tracker/main.go:301.2,302.16 2 0
github.com/savio/sbs-logger/cmd/tracker/main.go:302.16,306.3 3 0
github.com/savio/sbs-logger/cmd/tracker/main.go:310.2,311.16 2 0
github.com/savio/sbs-logger/cmd/tracker/main.go:311.16,314.42 3 0
github.com/savio/sbs-logger/cmd/tracker/main.go:314.42,316.4 1 0
github.com/savio/sbs-logger/cmd/tracker/main.go:317.3,317.13 1 0
github.com/savio/sbs-logger/cmd/tracker/main.go:322.2,323.60 2 0
github.com/savio/sbs-logger/cmd/tracker/main.go:323.60,326.42 3 0
github.com/savio/sbs-logger/cmd/tracker/main.go:326.42,328.4 1 0
github.com/savio/sbs-logger/cmd/tracker/main.go:329.3,329.45 1 0
github.com/savio/sbs-logger/cmd/tracker/main.go:329.45,331.4 1 0
github.com/savio/sbs-logger/cmd/tracker/main.go:332.3,332.13 1 0
github.com/savio/sbs-logger/cmd/tracker/main.go:336.2,336.67 1 0
github.com/savio/sbs-logger/cmd/tracker/main.go:336.67,337.53 1 0
github.com/savio/sbs-logger/cmd/tracker/main.go:337.53,339.4 1 0
github.com/savio/sbs-logger/cmd/tracker/main.go:340.17,343.42 3 0
github.com/savio/sbs-logger/cmd/tracker/main.go:343.42,345.4 1 0
github.com/savio/sbs-logger/cmd/tracker/main.go:346.3,346.45 1 0
github.com/savio/sbs-logger/cmd/tracker/main.go:346.45,348.4 1 0
github.com/savio/sbs-logger/cmd/tracker/main.go:349.3,349.13 1 0
github.com/savio/sbs-logger/cmd/tracker/main.go:353.2,360.41 6 0
github.com/savio/sbs-logger/cmd/tracker/main.go:360.41,362.3 1 0
github.com/savio/sbs-logger/cmd/tracker/main.go:363.2,363.44 1 0
github.com/savio/sbs-logger/cmd/tracker/main.go:363.44,365.3 1 0
