mode: set
github.com/savio/sbs-logger/cmd/logger/main.go:17.13,20.21 2 0
github.com/savio/sbs-logger/cmd/logger/main.go:20.21,22.3 1 0
github.com/savio/sbs-logger/cmd/logger/main.go:24.2,25.19 2 0
github.com/savio/sbs-logger/cmd/logger/main.go:25.19,27.3 1 0
github.com/savio/sbs-logger/cmd/logger/main.go:30.2,30.54 1 0
github.com/savio/sbs-logger/cmd/logger/main.go:30.54,33.3 2 0
github.com/savio/sbs-logger/cmd/logger/main.go:36.2,37.16 2 0
github.com/savio/sbs-logger/cmd/logger/main.go:37.16,40.3 2 0
github.com/savio/sbs-logger/cmd/logger/main.go:44.2,52.63 4 0
github.com/savio/sbs-logger/cmd/logger/main.go:52.63,53.50 1 0
github.com/savio/sbs-logger/cmd/logger/main.go:53.50,55.4 1 0
github.com/savio/sbs-logger/cmd/logger/main.go:56.17,59.3 2 0
github.com/savio/sbs-logger/cmd/logger/main.go:62.2,69.25 7 0
github.com/savio/sbs-logger/cmd/logger/main.go:81.42,86.2 1 1
github.com/savio/sbs-logger/cmd/logger/main.go:89.45,91.39 1 1
github.com/savio/sbs-logger/cmd/logger/main.go:91.39,94.3 2 0
github.com/savio/sbs-logger/cmd/logger/main.go:97.2,97.25 1 1
github.com/savio/sbs-logger/cmd/logger/main.go:101.60,103.60 1 1
github.com/savio/sbs-logger/cmd/logger/main.go:103.60,105.3 1 1
github.com/savio/sbs-logger/cmd/logger/main.go:108.2,108.62 1 1
github.com/savio/sbs-logger/cmd/logger/main.go:108.62,110.3 1 0
github.com/savio/sbs-logger/cmd/logger/main.go:112.2,112.12 1 1
github.com/savio/sbs-logger/cmd/logger/main.go:116.53,117.6 1 1
github.com/savio/sbs-logger/cmd/logger/main.go:117.6,118.10 1 1
github.com/savio/sbs-logger/cmd/logger/main.go:119.21,120.10 1 1
github.com/savio/sbs-logger/cmd/logger/main.go:121.25,122.48 1 0
github.com/savio/sbs-logger/cmd/logger/main.go:122.48,124.5 1 0
github.com/savio/sbs-logger/cmd/logger/main.go:131.44,133.26 1 1
github.com/savio/sbs-logger/cmd/logger/main.go:133.26,134.47 1 0
github.com/savio/sbs-logger/cmd/logger/main.go:134.47,136.4 1 0
github.com/savio/sbs-logger/cmd/logger/main.go:140.2,140.25 1 1
github.com/savio/sbs-logger/cmd/logger/main.go:140.25,142.51 2 1
github.com/savio/sbs-logger/cmd/logger/main.go:142.51,144.4 1 0
github.com/savio/sbs-logger/cmd/logger/main.go:148.2,148.23 1 1
github.com/savio/sbs-logger/cmd/logger/main.go:152.37,160.16 4 1
github.com/savio/sbs-logger/cmd/logger/main.go:160.16,162.3 1 0
github.com/savio/sbs-logger/cmd/logger/main.go:164.2,165.12 2 1
github.com/savio/sbs-logger/cmd/logger/main.go:169.42,173.16 2 1
github.com/savio/sbs-logger/cmd/logger/main.go:173.16,175.3 1 1
github.com/savio/sbs-logger/cmd/logger/main.go:178.2,181.16 3 1
github.com/savio/sbs-logger/cmd/logger/main.go:181.16,183.3 1 0
github.com/savio/sbs-logger/cmd/logger/main.go:184.2,184.15 1 1
github.com/savio/sbs-logger/cmd/logger/main.go:184.15,185.50 1 1
github.com/savio/sbs-logger/cmd/logger/main.go:185.50,187.4 1 0
github.com/savio/sbs-logger/cmd/logger/main.go:191.2,191.54 1 1
github.com/savio/sbs-logger/cmd/logger/main.go:191.54,193.3 1 0
github.com/savio/sbs-logger/cmd/logger/main.go:196.2,196.44 1 1
github.com/savio/sbs-logger/cmd/logger/main.go:196.44,198.3 1 0
github.com/savio/sbs-logger/cmd/logger/main.go:200.2,200.12 1 1
