mode: set
github.com/savio/sbs-logger/internal/redis/client.go:28.40,39.47 4 1
github.com/savio/sbs-logger/internal/redis/client.go:39.47,41.3 1 1
github.com/savio/sbs-logger/internal/redis/client.go:43.2,43.37 1 0
github.com/savio/sbs-logger/internal/redis/client.go:47.57,49.2 1 1
github.com/savio/sbs-logger/internal/redis/client.go:52.32,54.2 1 1
github.com/savio/sbs-logger/internal/redis/client.go:57.79,59.16 2 1
github.com/savio/sbs-logger/internal/redis/client.go:59.16,61.3 1 0
github.com/savio/sbs-logger/internal/redis/client.go:63.2,64.57 2 1
github.com/savio/sbs-logger/internal/redis/client.go:68.102,70.22 2 1
github.com/savio/sbs-logger/internal/redis/client.go:70.22,72.3 1 1
github.com/savio/sbs-logger/internal/redis/client.go:73.2,73.16 1 1
github.com/savio/sbs-logger/internal/redis/client.go:73.16,75.3 1 1
github.com/savio/sbs-logger/internal/redis/client.go:77.2,77.53 1 1
github.com/savio/sbs-logger/internal/redis/client.go:77.53,79.3 1 1
github.com/savio/sbs-logger/internal/redis/client.go:81.2,81.12 1 1
github.com/savio/sbs-logger/internal/redis/client.go:85.89,88.63 3 1
github.com/savio/sbs-logger/internal/redis/client.go:88.63,90.3 1 1
github.com/savio/sbs-logger/internal/redis/client.go:91.2,91.21 1 1
github.com/savio/sbs-logger/internal/redis/client.go:95.75,98.2 2 1
github.com/savio/sbs-logger/internal/redis/client.go:101.92,103.16 2 1
github.com/savio/sbs-logger/internal/redis/client.go:103.16,105.3 1 0
github.com/savio/sbs-logger/internal/redis/client.go:107.2,108.56 2 1
github.com/savio/sbs-logger/internal/redis/client.go:112.103,115.70 3 1
github.com/savio/sbs-logger/internal/redis/client.go:115.70,117.3 1 1
github.com/savio/sbs-logger/internal/redis/client.go:118.2,118.20 1 1
github.com/savio/sbs-logger/internal/redis/client.go:122.82,125.2 2 1
github.com/savio/sbs-logger/internal/redis/client.go:128.94,131.12 3 1
github.com/savio/sbs-logger/internal/redis/client.go:131.12,133.3 1 1
github.com/savio/sbs-logger/internal/redis/client.go:134.2,134.58 1 1
github.com/savio/sbs-logger/internal/redis/client.go:138.90,141.22 3 1
github.com/savio/sbs-logger/internal/redis/client.go:141.22,143.3 1 1
github.com/savio/sbs-logger/internal/redis/client.go:144.2,144.16 1 1
github.com/savio/sbs-logger/internal/redis/client.go:144.16,146.3 1 1
github.com/savio/sbs-logger/internal/redis/client.go:148.2,148.24 1 1
