mode: set
github.com/savio/sbs-logger/internal/db/client.go:18.43,20.16 2 1
github.com/savio/sbs-logger/internal/db/client.go:20.16,22.3 1 0
github.com/savio/sbs-logger/internal/db/client.go:23.2,23.29 1 1
github.com/savio/sbs-logger/internal/db/client.go:27.32,29.2 1 1
github.com/savio/sbs-logger/internal/db/client.go:32.62,41.16 3 1
github.com/savio/sbs-logger/internal/db/client.go:41.16,43.3 1 1
github.com/savio/sbs-logger/internal/db/client.go:44.2,44.15 1 1
github.com/savio/sbs-logger/internal/db/client.go:44.15,45.40 1 1
github.com/savio/sbs-logger/internal/db/client.go:45.40,47.4 1 0
github.com/savio/sbs-logger/internal/db/client.go:50.2,51.18 2 1
github.com/savio/sbs-logger/internal/db/client.go:51.18,57.17 2 1
github.com/savio/sbs-logger/internal/db/client.go:57.17,59.4 1 0
github.com/savio/sbs-logger/internal/db/client.go:60.3,60.32 1 1
github.com/savio/sbs-logger/internal/db/client.go:62.2,62.28 1 1
github.com/savio/sbs-logger/internal/db/client.go:66.59,80.2 3 1
github.com/savio/sbs-logger/internal/db/client.go:83.59,98.2 3 1
github.com/savio/sbs-logger/internal/db/client.go:101.71,115.2 3 1
github.com/savio/sbs-logger/internal/db/client.go:118.71,133.29 4 1
github.com/savio/sbs-logger/internal/db/client.go:133.29,134.26 1 1
github.com/savio/sbs-logger/internal/db/client.go:134.26,136.4 1 0
github.com/savio/sbs-logger/internal/db/client.go:136.9,138.4 1 1
github.com/savio/sbs-logger/internal/db/client.go:142.2,163.12 4 1
github.com/savio/sbs-logger/internal/db/client.go:167.89,180.16 3 1
github.com/savio/sbs-logger/internal/db/client.go:180.16,182.3 1 1
github.com/savio/sbs-logger/internal/db/client.go:183.2,183.15 1 1
github.com/savio/sbs-logger/internal/db/client.go:183.15,184.40 1 1
github.com/savio/sbs-logger/internal/db/client.go:184.40,186.4 1 0
github.com/savio/sbs-logger/internal/db/client.go:189.2,190.18 2 1
github.com/savio/sbs-logger/internal/db/client.go:190.18,221.17 2 1
github.com/savio/sbs-logger/internal/db/client.go:221.17,223.4 1 0
github.com/savio/sbs-logger/internal/db/client.go:226.3,227.34 2 1
github.com/savio/sbs-logger/internal/db/client.go:227.34,228.25 1 1
github.com/savio/sbs-logger/internal/db/client.go:228.25,229.14 1 1
github.com/savio/sbs-logger/internal/db/client.go:229.14,231.6 1 0
github.com/savio/sbs-logger/internal/db/client.go:231.11,233.6 1 1
github.com/savio/sbs-logger/internal/db/client.go:237.3,253.30 2 1
github.com/savio/sbs-logger/internal/db/client.go:256.2,256.26 1 1
