mode: set
github.com/savio/sbs-logger/internal/db/migrations/migrations.go:25.32,27.2 1 1
github.com/savio/sbs-logger/internal/db/migrations/migrations.go:30.39,40.2 3 1
github.com/savio/sbs-logger/internal/db/migrations/migrations.go:43.68,46.16 3 1
github.com/savio/sbs-logger/internal/db/migrations/migrations.go:46.16,48.3 1 1
github.com/savio/sbs-logger/internal/db/migrations/migrations.go:49.2,49.15 1 1
github.com/savio/sbs-logger/internal/db/migrations/migrations.go:49.15,50.40 1 1
github.com/savio/sbs-logger/internal/db/migrations/migrations.go:50.40,52.4 1 0
github.com/savio/sbs-logger/internal/db/migrations/migrations.go:55.2,56.18 2 1
github.com/savio/sbs-logger/internal/db/migrations/migrations.go:56.18,58.42 2 1
github.com/savio/sbs-logger/internal/db/migrations/migrations.go:58.42,60.4 1 0
github.com/savio/sbs-logger/internal/db/migrations/migrations.go:61.3,61.23 1 1
github.com/savio/sbs-logger/internal/db/migrations/migrations.go:63.2,63.28 1 1
github.com/savio/sbs-logger/internal/db/migrations/migrations.go:67.117,69.16 2 1
github.com/savio/sbs-logger/internal/db/migrations/migrations.go:69.16,71.3 1 1
github.com/savio/sbs-logger/internal/db/migrations/migrations.go:72.2,72.15 1 1
github.com/savio/sbs-logger/internal/db/migrations/migrations.go:72.15,73.39 1 1
github.com/savio/sbs-logger/internal/db/migrations/migrations.go:73.39,75.4 1 1
github.com/savio/sbs-logger/internal/db/migrations/migrations.go:79.2,79.40 1 1
github.com/savio/sbs-logger/internal/db/migrations/migrations.go:79.40,81.3 1 1
github.com/savio/sbs-logger/internal/db/migrations/migrations.go:84.2,84.63 1 1
github.com/savio/sbs-logger/internal/db/migrations/migrations.go:84.63,86.3 1 1
github.com/savio/sbs-logger/internal/db/migrations/migrations.go:88.2,88.20 1 1
github.com/savio/sbs-logger/internal/db/migrations/migrations.go:92.63,99.2 1 1
github.com/savio/sbs-logger/internal/db/migrations/migrations.go:102.66,109.2 1 1
github.com/savio/sbs-logger/internal/db/migrations/migrations.go:112.59,114.39 1 1
github.com/savio/sbs-logger/internal/db/migrations/migrations.go:114.39,116.3 1 1
github.com/savio/sbs-logger/internal/db/migrations/migrations.go:119.2,120.16 2 1
github.com/savio/sbs-logger/internal/db/migrations/migrations.go:120.16,122.3 1 1
github.com/savio/sbs-logger/internal/db/migrations/migrations.go:125.2,125.39 1 1
github.com/savio/sbs-logger/internal/db/migrations/migrations.go:125.39,126.31 1 1
github.com/savio/sbs-logger/internal/db/migrations/migrations.go:126.31,127.54 1 1
github.com/savio/sbs-logger/internal/db/migrations/migrations.go:127.54,129.5 1 0
github.com/savio/sbs-logger/internal/db/migrations/migrations.go:130.4,130.57 1 1
github.com/savio/sbs-logger/internal/db/migrations/migrations.go:134.2,134.12 1 1
github.com/savio/sbs-logger/internal/db/migrations/migrations.go:138.60,141.16 2 1
github.com/savio/sbs-logger/internal/db/migrations/migrations.go:141.16,143.3 1 1
github.com/savio/sbs-logger/internal/db/migrations/migrations.go:146.2,147.44 2 1
github.com/savio/sbs-logger/internal/db/migrations/migrations.go:147.44,148.34 1 1
github.com/savio/sbs-logger/internal/db/migrations/migrations.go:148.34,150.9 2 1
github.com/savio/sbs-logger/internal/db/migrations/migrations.go:154.2,154.26 1 1
github.com/savio/sbs-logger/internal/db/migrations/migrations.go:154.26,156.3 1 1
github.com/savio/sbs-logger/internal/db/migrations/migrations.go:159.2,159.59 1 1
github.com/savio/sbs-logger/internal/db/migrations/migrations.go:159.59,161.3 1 0
github.com/savio/sbs-logger/internal/db/migrations/migrations.go:163.2,164.12 2 1
