mode: set
github.com/savio/sbs-logger/cmd/sbs-logger/main.go:14.13,17.16 2 0
github.com/savio/sbs-logger/cmd/sbs-logger/main.go:17.16,19.3 1 0
github.com/savio/sbs-logger/cmd/sbs-logger/main.go:22.2,22.58 1 0
github.com/savio/sbs-logger/cmd/sbs-logger/main.go:22.58,24.3 1 0
github.com/savio/sbs-logger/cmd/sbs-logger/main.go:27.2,31.41 3 0
github.com/savio/sbs-logger/cmd/sbs-logger/main.go:31.41,33.3 1 0
github.com/savio/sbs-logger/cmd/sbs-logger/main.go:35.2,35.40 1 0
github.com/savio/sbs-logger/cmd/sbs-logger/main.go:35.40,37.3 1 0
github.com/savio/sbs-logger/cmd/sbs-logger/main.go:40.2,47.12 5 0
github.com/savio/sbs-logger/cmd/sbs-logger/main.go:47.12,48.40 1 0
github.com/savio/sbs-logger/cmd/sbs-logger/main.go:48.40,49.57 1 0
github.com/savio/sbs-logger/cmd/sbs-logger/main.go:49.57,51.5 1 0
github.com/savio/sbs-logger/cmd/sbs-logger/main.go:56.2,61.39 4 0
github.com/savio/sbs-logger/cmd/sbs-logger/main.go:61.39,63.3 1 0
github.com/savio/sbs-logger/internal/db/migrations/migrations.go:25.32,27.2 1 0
github.com/savio/sbs-logger/internal/db/migrations/migrations.go:30.39,40.2 3 0
github.com/savio/sbs-logger/internal/db/migrations/migrations.go:43.68,46.16 3 0
github.com/savio/sbs-logger/internal/db/migrations/migrations.go:46.16,48.3 1 0
github.com/savio/sbs-logger/internal/db/migrations/migrations.go:49.2,49.15 1 0
github.com/savio/sbs-logger/internal/db/migrations/migrations.go:49.15,50.40 1 0
github.com/savio/sbs-logger/internal/db/migrations/migrations.go:50.40,52.4 1 0
github.com/savio/sbs-logger/internal/db/migrations/migrations.go:55.2,56.18 2 0
github.com/savio/sbs-logger/internal/db/migrations/migrations.go:56.18,58.42 2 0
github.com/savio/sbs-logger/internal/db/migrations/migrations.go:58.42,60.4 1 0
github.com/savio/sbs-logger/internal/db/migrations/migrations.go:61.3,61.23 1 0
github.com/savio/sbs-logger/internal/db/migrations/migrations.go:63.2,63.28 1 0
github.com/savio/sbs-logger/internal/db/migrations/migrations.go:67.117,69.16 2 0
github.com/savio/sbs-logger/internal/db/migrations/migrations.go:69.16,71.3 1 0
github.com/savio/sbs-logger/internal/db/migrations/migrations.go:72.2,72.15 1 0
github.com/savio/sbs-logger/internal/db/migrations/migrations.go:72.15,73.39 1 0
github.com/savio/sbs-logger/internal/db/migrations/migrations.go:73.39,75.4 1 0
github.com/savio/sbs-logger/internal/db/migrations/migrations.go:79.2,79.40 1 0
github.com/savio/sbs-logger/internal/db/migrations/migrations.go:79.40,81.3 1 0
github.com/savio/sbs-logger/internal/db/migrations/migrations.go:84.2,84.63 1 0
github.com/savio/sbs-logger/internal/db/migrations/migrations.go:84.63,86.3 1 0
github.com/savio/sbs-logger/internal/db/migrations/migrations.go:88.2,88.20 1 0
github.com/savio/sbs-logger/internal/db/migrations/migrations.go:92.63,99.2 1 0
github.com/savio/sbs-logger/internal/db/migrations/migrations.go:102.66,109.2 1 0
github.com/savio/sbs-logger/internal/db/migrations/migrations.go:112.59,114.39 1 0
github.com/savio/sbs-logger/internal/db/migrations/migrations.go:114.39,116.3 1 0
github.com/savio/sbs-logger/internal/db/migrations/migrations.go:119.2,120.16 2 0
github.com/savio/sbs-logger/internal/db/migrations/migrations.go:120.16,122.3 1 0
github.com/savio/sbs-logger/internal/db/migrations/migrations.go:125.2,125.39 1 0
github.com/savio/sbs-logger/internal/db/migrations/migrations.go:125.39,126.31 1 0
github.com/savio/sbs-logger/internal/db/migrations/migrations.go:126.31,127.54 1 0
github.com/savio/sbs-logger/internal/db/migrations/migrations.go:127.54,129.5 1 0
github.com/savio/sbs-logger/internal/db/migrations/migrations.go:130.4,130.57 1 0
github.com/savio/sbs-logger/internal/db/migrations/migrations.go:134.2,134.12 1 0
github.com/savio/sbs-logger/internal/db/migrations/migrations.go:138.60,141.16 2 0
github.com/savio/sbs-logger/internal/db/migrations/migrations.go:141.16,143.3 1 0
github.com/savio/sbs-logger/internal/db/migrations/migrations.go:146.2,147.44 2 0
github.com/savio/sbs-logger/internal/db/migrations/migrations.go:147.44,148.34 1 0
github.com/savio/sbs-logger/internal/db/migrations/migrations.go:148.34,150.9 2 0
github.com/savio/sbs-logger/internal/db/migrations/migrations.go:154.2,154.26 1 0
github.com/savio/sbs-logger/internal/db/migrations/migrations.go:154.26,156.3 1 0
github.com/savio/sbs-logger/internal/db/migrations/migrations.go:159.2,159.59 1 0
github.com/savio/sbs-logger/internal/db/migrations/migrations.go:159.59,161.3 1 0
github.com/savio/sbs-logger/internal/db/migrations/migrations.go:163.2,164.12 2 0
github.com/savio/sbs-logger/cmd/logger/main.go:17.13,20.21 2 0
github.com/savio/sbs-logger/cmd/logger/main.go:20.21,22.3 1 0
github.com/savio/sbs-logger/cmd/logger/main.go:24.2,25.19 2 0
github.com/savio/sbs-logger/cmd/logger/main.go:25.19,27.3 1 0
github.com/savio/sbs-logger/cmd/logger/main.go:30.2,30.54 1 0
github.com/savio/sbs-logger/cmd/logger/main.go:30.54,33.3 2 0
github.com/savio/sbs-logger/cmd/logger/main.go:36.2,37.16 2 0
github.com/savio/sbs-logger/cmd/logger/main.go:37.16,40.3 2 0
github.com/savio/sbs-logger/cmd/logger/main.go:44.2,52.63 4 0
github.com/savio/sbs-logger/cmd/logger/main.go:52.63,53.50 1 0
github.com/savio/sbs-logger/cmd/logger/main.go:53.50,55.4 1 0
github.com/savio/sbs-logger/cmd/logger/main.go:56.17,59.3 2 0
github.com/savio/sbs-logger/cmd/logger/main.go:62.2,69.25 7 0
github.com/savio/sbs-logger/cmd/logger/main.go:81.42,86.2 1 1
github.com/savio/sbs-logger/cmd/logger/main.go:89.45,91.39 1 1
github.com/savio/sbs-logger/cmd/logger/main.go:91.39,94.3 2 0
github.com/savio/sbs-logger/cmd/logger/main.go:97.2,97.25 1 1
github.com/savio/sbs-logger/cmd/logger/main.go:101.60,103.60 1 1
github.com/savio/sbs-logger/cmd/logger/main.go:103.60,105.3 1 1
github.com/savio/sbs-logger/cmd/logger/main.go:108.2,108.62 1 1
github.com/savio/sbs-logger/cmd/logger/main.go:108.62,110.3 1 0
github.com/savio/sbs-logger/cmd/logger/main.go:112.2,112.12 1 1
github.com/savio/sbs-logger/cmd/logger/main.go:116.53,117.6 1 1
github.com/savio/sbs-logger/cmd/logger/main.go:117.6,118.10 1 1
github.com/savio/sbs-logger/cmd/logger/main.go:119.21,120.10 1 1
github.com/savio/sbs-logger/cmd/logger/main.go:121.25,122.48 1 0
github.com/savio/sbs-logger/cmd/logger/main.go:122.48,124.5 1 0
github.com/savio/sbs-logger/cmd/logger/main.go:131.44,133.26 1 1
github.com/savio/sbs-logger/cmd/logger/main.go:133.26,134.47 1 0
github.com/savio/sbs-logger/cmd/logger/main.go:134.47,136.4 1 0
github.com/savio/sbs-logger/cmd/logger/main.go:140.2,140.25 1 1
github.com/savio/sbs-logger/cmd/logger/main.go:140.25,142.51 2 1
github.com/savio/sbs-logger/cmd/logger/main.go:142.51,144.4 1 0
github.com/savio/sbs-logger/cmd/logger/main.go:148.2,148.23 1 1
github.com/savio/sbs-logger/cmd/logger/main.go:152.37,160.16 4 1
github.com/savio/sbs-logger/cmd/logger/main.go:160.16,162.3 1 0
github.com/savio/sbs-logger/cmd/logger/main.go:164.2,165.12 2 1
github.com/savio/sbs-logger/cmd/logger/main.go:169.42,173.16 2 1
github.com/savio/sbs-logger/cmd/logger/main.go:173.16,175.3 1 1
github.com/savio/sbs-logger/cmd/logger/main.go:178.2,181.16 3 1
github.com/savio/sbs-logger/cmd/logger/main.go:181.16,183.3 1 0
github.com/savio/sbs-logger/cmd/logger/main.go:184.2,184.15 1 1
github.com/savio/sbs-logger/cmd/logger/main.go:184.15,185.50 1 1
github.com/savio/sbs-logger/cmd/logger/main.go:185.50,187.4 1 0
github.com/savio/sbs-logger/cmd/logger/main.go:191.2,191.54 1 1
github.com/savio/sbs-logger/cmd/logger/main.go:191.54,193.3 1 0
github.com/savio/sbs-logger/cmd/logger/main.go:196.2,196.44 1 1
github.com/savio/sbs-logger/cmd/logger/main.go:196.44,198.3 1 0
github.com/savio/sbs-logger/cmd/logger/main.go:200.2,200.12 1 1
github.com/savio/sbs-logger/cmd/migrate/main.go:14.13,20.47 4 0
github.com/savio/sbs-logger/cmd/migrate/main.go:20.47,23.3 2 0
github.com/savio/sbs-logger/cmd/migrate/main.go:27.45,30.16 2 1
github.com/savio/sbs-logger/cmd/migrate/main.go:30.16,32.3 1 0
github.com/savio/sbs-logger/cmd/migrate/main.go:33.2,33.15 1 1
github.com/savio/sbs-logger/cmd/migrate/main.go:33.15,34.36 1 1
github.com/savio/sbs-logger/cmd/migrate/main.go:34.36,36.4 1 0
github.com/savio/sbs-logger/cmd/migrate/main.go:40.2,40.34 1 1
github.com/savio/sbs-logger/cmd/migrate/main.go:40.34,42.3 1 1
github.com/savio/sbs-logger/cmd/migrate/main.go:45.2,54.14 3 0
github.com/savio/sbs-logger/cmd/migrate/main.go:54.14,55.58 1 0
github.com/savio/sbs-logger/cmd/migrate/main.go:55.58,57.4 1 0
github.com/savio/sbs-logger/cmd/migrate/main.go:58.8,59.57 1 0
github.com/savio/sbs-logger/cmd/migrate/main.go:59.57,61.4 1 0
github.com/savio/sbs-logger/cmd/migrate/main.go:64.2,64.12 1 0
github.com/savio/sbs-logger/internal/db/client.go:18.43,20.16 2 1
github.com/savio/sbs-logger/internal/db/client.go:20.16,22.3 1 0
github.com/savio/sbs-logger/internal/db/client.go:23.2,23.29 1 1
github.com/savio/sbs-logger/internal/db/client.go:27.32,29.2 1 1
github.com/savio/sbs-logger/internal/db/client.go:32.62,41.16 3 0
github.com/savio/sbs-logger/internal/db/client.go:41.16,43.3 1 0
github.com/savio/sbs-logger/internal/db/client.go:44.2,44.15 1 0
github.com/savio/sbs-logger/internal/db/client.go:44.15,45.40 1 0
github.com/savio/sbs-logger/internal/db/client.go:45.40,47.4 1 0
github.com/savio/sbs-logger/internal/db/client.go:50.2,51.18 2 0
github.com/savio/sbs-logger/internal/db/client.go:51.18,57.17 2 0
github.com/savio/sbs-logger/internal/db/client.go:57.17,59.4 1 0
github.com/savio/sbs-logger/internal/db/client.go:60.3,60.32 1 0
github.com/savio/sbs-logger/internal/db/client.go:62.2,62.28 1 0
github.com/savio/sbs-logger/internal/db/client.go:66.59,80.2 3 0
github.com/savio/sbs-logger/internal/db/client.go:83.59,98.2 3 0
github.com/savio/sbs-logger/internal/db/client.go:101.71,115.2 3 0
github.com/savio/sbs-logger/internal/db/client.go:118.71,133.29 4 0
github.com/savio/sbs-logger/internal/db/client.go:133.29,134.26 1 0
github.com/savio/sbs-logger/internal/db/client.go:134.26,136.4 1 0
github.com/savio/sbs-logger/internal/db/client.go:136.9,138.4 1 0
github.com/savio/sbs-logger/internal/db/client.go:142.2,163.12 4 0
github.com/savio/sbs-logger/internal/db/client.go:167.89,180.16 3 0
github.com/savio/sbs-logger/internal/db/client.go:180.16,182.3 1 0
github.com/savio/sbs-logger/internal/db/client.go:183.2,183.15 1 0
github.com/savio/sbs-logger/internal/db/client.go:183.15,184.40 1 0
github.com/savio/sbs-logger/internal/db/client.go:184.40,186.4 1 0
github.com/savio/sbs-logger/internal/db/client.go:189.2,190.18 2 0
github.com/savio/sbs-logger/internal/db/client.go:190.18,221.17 2 0
github.com/savio/sbs-logger/internal/db/client.go:221.17,223.4 1 0
github.com/savio/sbs-logger/internal/db/client.go:226.3,227.34 2 0
github.com/savio/sbs-logger/internal/db/client.go:227.34,228.25 1 0
github.com/savio/sbs-logger/internal/db/client.go:228.25,229.14 1 0
github.com/savio/sbs-logger/internal/db/client.go:229.14,231.6 1 0
github.com/savio/sbs-logger/internal/db/client.go:231.11,233.6 1 0
github.com/savio/sbs-logger/internal/db/client.go:237.3,253.30 2 0
github.com/savio/sbs-logger/internal/db/client.go:256.2,256.26 1 0
github.com/savio/sbs-logger/internal/config/config.go:18.30,23.19 3 1
github.com/savio/sbs-logger/internal/config/config.go:23.19,25.3 1 1
github.com/savio/sbs-logger/internal/config/config.go:27.2,28.21 2 1
github.com/savio/sbs-logger/internal/config/config.go:28.21,30.3 1 1
github.com/savio/sbs-logger/internal/config/config.go:32.2,35.8 1 1
github.com/savio/sbs-logger/cmd/tracker/main.go:53.68,61.2 1 1
github.com/savio/sbs-logger/cmd/tracker/main.go:64.57,67.16 2 1
github.com/savio/sbs-logger/cmd/tracker/main.go:67.16,69.3 1 1
github.com/savio/sbs-logger/cmd/tracker/main.go:72.2,72.33 1 1
github.com/savio/sbs-logger/cmd/tracker/main.go:72.33,74.58 2 1
github.com/savio/sbs-logger/cmd/tracker/main.go:74.58,76.4 1 0
github.com/savio/sbs-logger/cmd/tracker/main.go:80.2,80.43 1 1
github.com/savio/sbs-logger/cmd/tracker/main.go:80.43,82.3 1 0
github.com/savio/sbs-logger/cmd/tracker/main.go:85.2,88.12 3 1
github.com/savio/sbs-logger/cmd/tracker/main.go:92.68,99.16 5 1
github.com/savio/sbs-logger/cmd/tracker/main.go:99.16,102.3 2 1
github.com/savio/sbs-logger/cmd/tracker/main.go:105.2,105.18 1 1
github.com/savio/sbs-logger/cmd/tracker/main.go:105.18,107.3 1 0
github.com/savio/sbs-logger/cmd/tracker/main.go:109.2,114.16 4 1
github.com/savio/sbs-logger/cmd/tracker/main.go:114.16,116.3 1 0
github.com/savio/sbs-logger/cmd/tracker/main.go:116.8,116.19 1 1
github.com/savio/sbs-logger/cmd/tracker/main.go:116.19,118.3 1 0
github.com/savio/sbs-logger/cmd/tracker/main.go:121.2,122.13 2 1
github.com/savio/sbs-logger/cmd/tracker/main.go:122.13,124.3 1 1
github.com/savio/sbs-logger/cmd/tracker/main.go:124.8,127.3 1 0
github.com/savio/sbs-logger/cmd/tracker/main.go:130.2,130.80 1 1
github.com/savio/sbs-logger/cmd/tracker/main.go:130.80,132.3 1 0
github.com/savio/sbs-logger/cmd/tracker/main.go:135.2,135.55 1 1
github.com/savio/sbs-logger/cmd/tracker/main.go:135.55,137.3 1 1
github.com/savio/sbs-logger/cmd/tracker/main.go:138.2,141.46 2 1
github.com/savio/sbs-logger/cmd/tracker/main.go:141.46,143.3 1 0
github.com/savio/sbs-logger/cmd/tracker/main.go:146.2,150.12 4 1
github.com/savio/sbs-logger/cmd/tracker/main.go:154.77,155.29 1 1
github.com/savio/sbs-logger/cmd/tracker/main.go:155.29,157.3 1 1
github.com/savio/sbs-logger/cmd/tracker/main.go:158.2,158.28 1 1
github.com/savio/sbs-logger/cmd/tracker/main.go:158.28,160.3 1 1
github.com/savio/sbs-logger/cmd/tracker/main.go:161.2,161.31 1 1
github.com/savio/sbs-logger/cmd/tracker/main.go:161.31,163.3 1 0
github.com/savio/sbs-logger/cmd/tracker/main.go:164.2,164.25 1 1
github.com/savio/sbs-logger/cmd/tracker/main.go:164.25,166.3 1 0
github.com/savio/sbs-logger/cmd/tracker/main.go:167.2,167.28 1 1
github.com/savio/sbs-logger/cmd/tracker/main.go:167.28,169.3 1 0
github.com/savio/sbs-logger/cmd/tracker/main.go:170.2,170.29 1 1
github.com/savio/sbs-logger/cmd/tracker/main.go:170.29,172.3 1 0
github.com/savio/sbs-logger/cmd/tracker/main.go:173.2,173.32 1 1
github.com/savio/sbs-logger/cmd/tracker/main.go:173.32,175.3 1 1
github.com/savio/sbs-logger/cmd/tracker/main.go:176.2,176.27 1 1
github.com/savio/sbs-logger/cmd/tracker/main.go:176.27,178.3 1 0
github.com/savio/sbs-logger/cmd/tracker/main.go:179.2,180.41 2 1
github.com/savio/sbs-logger/cmd/tracker/main.go:184.71,187.16 2 1
github.com/savio/sbs-logger/cmd/tracker/main.go:187.16,189.3 1 0
github.com/savio/sbs-logger/cmd/tracker/main.go:192.2,192.19 1 1
github.com/savio/sbs-logger/cmd/tracker/main.go:192.19,194.3 1 1
github.com/savio/sbs-logger/cmd/tracker/main.go:196.2,196.19 1 1
github.com/savio/sbs-logger/cmd/tracker/main.go:196.19,209.75 3 1
github.com/savio/sbs-logger/cmd/tracker/main.go:209.75,211.4 1 0
github.com/savio/sbs-logger/cmd/tracker/main.go:214.3,214.51 1 1
github.com/savio/sbs-logger/cmd/tracker/main.go:214.51,216.4 1 0
github.com/savio/sbs-logger/cmd/tracker/main.go:217.3,217.36 1 1
github.com/savio/sbs-logger/cmd/tracker/main.go:218.8,222.42 3 1
github.com/savio/sbs-logger/cmd/tracker/main.go:222.42,224.4 1 1
github.com/savio/sbs-logger/cmd/tracker/main.go:225.3,225.48 1 1
github.com/savio/sbs-logger/cmd/tracker/main.go:225.48,227.4 1 1
github.com/savio/sbs-logger/cmd/tracker/main.go:230.3,230.50 1 1
github.com/savio/sbs-logger/cmd/tracker/main.go:230.50,236.85 4 0
github.com/savio/sbs-logger/cmd/tracker/main.go:236.85,238.5 1 0
github.com/savio/sbs-logger/cmd/tracker/main.go:239.4,239.92 1 0
github.com/savio/sbs-logger/cmd/tracker/main.go:239.92,241.5 1 0
github.com/savio/sbs-logger/cmd/tracker/main.go:244.4,244.52 1 0
github.com/savio/sbs-logger/cmd/tracker/main.go:244.52,246.5 1 0
github.com/savio/sbs-logger/cmd/tracker/main.go:247.4,247.35 1 0
github.com/savio/sbs-logger/cmd/tracker/main.go:248.9,250.76 1 1
github.com/savio/sbs-logger/cmd/tracker/main.go:250.76,252.5 1 0
github.com/savio/sbs-logger/cmd/tracker/main.go:253.4,253.37 1 1
github.com/savio/sbs-logger/cmd/tracker/main.go:257.2,257.12 1 1
github.com/savio/sbs-logger/cmd/tracker/main.go:261.54,265.6 3 1
github.com/savio/sbs-logger/cmd/tracker/main.go:265.6,266.10 1 1
github.com/savio/sbs-logger/cmd/tracker/main.go:267.21,268.10 1 0
github.com/savio/sbs-logger/cmd/tracker/main.go:269.19,270.42 1 0
github.com/savio/sbs-logger/cmd/tracker/main.go:275.13,278.19 2 0
github.com/savio/sbs-logger/cmd/tracker/main.go:278.19,280.3 1 0
github.com/savio/sbs-logger/cmd/tracker/main.go:282.2,283.21 2 0
github.com/savio/sbs-logger/cmd/tracker/main.go:283.21,285.3 1 0
github.com/savio/sbs-logger/cmd/tracker/main.go:287.2,288.21 2 0
github.com/savio/sbs-logger/cmd/tracker/main.go:288.21,290.3 1 0
github.com/savio/sbs-logger/cmd/tracker/main.go:293.2,294.16 2 0
github.com/savio/sbs-logger/cmd/tracker/main.go:294.16,297.3 2 0
github.com/savio/sbs-logger/cmd/tracker/main.go:301.2,302.16 2 0
github.com/savio/sbs-logger/cmd/tracker/main.go:302.16,306.3 3 0
github.com/savio/sbs-logger/cmd/tracker/main.go:310.2,311.16 2 0
github.com/savio/sbs-logger/cmd/tracker/main.go:311.16,314.42 3 0
github.com/savio/sbs-logger/cmd/tracker/main.go:314.42,316.4 1 0
github.com/savio/sbs-logger/cmd/tracker/main.go:317.3,317.13 1 0
github.com/savio/sbs-logger/cmd/tracker/main.go:322.2,323.60 2 0
github.com/savio/sbs-logger/cmd/tracker/main.go:323.60,326.42 3 0
github.com/savio/sbs-logger/cmd/tracker/main.go:326.42,328.4 1 0
github.com/savio/sbs-logger/cmd/tracker/main.go:329.3,329.45 1 0
github.com/savio/sbs-logger/cmd/tracker/main.go:329.45,331.4 1 0
github.com/savio/sbs-logger/cmd/tracker/main.go:332.3,332.13 1 0
github.com/savio/sbs-logger/cmd/tracker/main.go:336.2,336.67 1 0
github.com/savio/sbs-logger/cmd/tracker/main.go:336.67,337.53 1 0
github.com/savio/sbs-logger/cmd/tracker/main.go:337.53,339.4 1 0
github.com/savio/sbs-logger/cmd/tracker/main.go:340.17,343.42 3 0
github.com/savio/sbs-logger/cmd/tracker/main.go:343.42,345.4 1 0
github.com/savio/sbs-logger/cmd/tracker/main.go:346.3,346.45 1 0
github.com/savio/sbs-logger/cmd/tracker/main.go:346.45,348.4 1 0
github.com/savio/sbs-logger/cmd/tracker/main.go:349.3,349.13 1 0
github.com/savio/sbs-logger/cmd/tracker/main.go:353.2,360.41 6 0
github.com/savio/sbs-logger/cmd/tracker/main.go:360.41,362.3 1 0
github.com/savio/sbs-logger/cmd/tracker/main.go:363.2,363.44 1 0
github.com/savio/sbs-logger/cmd/tracker/main.go:363.44,365.3 1 0
github.com/savio/sbs-logger/internal/nats/client.go:24.39,26.16 2 1
github.com/savio/sbs-logger/internal/nats/client.go:26.16,28.3 1 1
github.com/savio/sbs-logger/internal/nats/client.go:30.2,31.16 2 0
github.com/savio/sbs-logger/internal/nats/client.go:31.16,34.3 2 0
github.com/savio/sbs-logger/internal/nats/client.go:37.2,43.80 2 0
github.com/savio/sbs-logger/internal/nats/client.go:43.80,46.3 2 0
github.com/savio/sbs-logger/internal/nats/client.go:48.2,51.8 1 0
github.com/savio/sbs-logger/internal/nats/client.go:55.65,57.16 2 0
github.com/savio/sbs-logger/internal/nats/client.go:57.16,59.3 1 0
github.com/savio/sbs-logger/internal/nats/client.go:61.2,62.16 2 0
github.com/savio/sbs-logger/internal/nats/client.go:62.16,64.3 1 0
github.com/savio/sbs-logger/internal/nats/client.go:66.2,66.12 1 0
github.com/savio/sbs-logger/internal/nats/client.go:70.73,71.62 1 0
github.com/savio/sbs-logger/internal/nats/client.go:71.62,73.59 2 0
github.com/savio/sbs-logger/internal/nats/client.go:73.59,76.4 2 0
github.com/savio/sbs-logger/internal/nats/client.go:77.3,77.19 1 0
github.com/savio/sbs-logger/internal/nats/client.go:79.2,79.16 1 0
github.com/savio/sbs-logger/internal/nats/client.go:79.16,81.3 1 0
github.com/savio/sbs-logger/internal/nats/client.go:83.2,83.12 1 0
github.com/savio/sbs-logger/internal/nats/client.go:87.26,88.19 1 1
github.com/savio/sbs-logger/internal/nats/client.go:88.19,90.3 1 0
github.com/savio/sbs-logger/internal/parser/parser.go:29.82,32.22 2 1
github.com/savio/sbs-logger/internal/parser/parser.go:32.22,34.3 1 1
github.com/savio/sbs-logger/internal/parser/parser.go:37.2,38.43 2 1
github.com/savio/sbs-logger/internal/parser/parser.go:38.43,40.23 1 1
github.com/savio/sbs-logger/internal/parser/parser.go:40.23,42.4 1 0
github.com/savio/sbs-logger/internal/parser/parser.go:43.3,43.19 1 1
github.com/savio/sbs-logger/internal/parser/parser.go:47.2,48.16 2 1
github.com/savio/sbs-logger/internal/parser/parser.go:48.16,50.3 1 0
github.com/savio/sbs-logger/internal/parser/parser.go:53.2,59.72 2 1
github.com/savio/sbs-logger/internal/parser/parser.go:59.72,61.3 1 1
github.com/savio/sbs-logger/internal/parser/parser.go:63.2,63.19 1 1
github.com/savio/sbs-logger/internal/parser/parser.go:67.94,69.94 1 1
github.com/savio/sbs-logger/internal/parser/parser.go:69.94,71.3 1 1
github.com/savio/sbs-logger/internal/parser/parser.go:73.2,73.36 1 1
github.com/savio/sbs-logger/internal/parser/parser.go:74.50,76.13 1 0
github.com/savio/sbs-logger/internal/parser/parser.go:78.20,78.20 0 0
github.com/savio/sbs-logger/internal/parser/parser.go:81.26,82.43 1 1
github.com/savio/sbs-logger/internal/parser/parser.go:84.26,85.45 1 0
github.com/savio/sbs-logger/internal/parser/parser.go:87.29,88.48 1 0
github.com/savio/sbs-logger/internal/parser/parser.go:90.23,91.42 1 0
github.com/savio/sbs-logger/internal/parser/parser.go:93.24,94.43 1 1
github.com/savio/sbs-logger/internal/parser/parser.go:96.24,97.45 1 0
github.com/savio/sbs-logger/internal/parser/parser.go:99.10,100.63 1 1
github.com/savio/sbs-logger/internal/parser/parser.go:103.2,103.12 1 1
github.com/savio/sbs-logger/internal/parser/parser.go:107.83,108.67 1 1
github.com/savio/sbs-logger/internal/parser/parser.go:108.67,110.3 1 1
github.com/savio/sbs-logger/internal/parser/parser.go:114.86,115.79 1 1
github.com/savio/sbs-logger/internal/parser/parser.go:115.79,117.3 1 1
github.com/savio/sbs-logger/internal/parser/parser.go:121.80,122.79 1 1
github.com/savio/sbs-logger/internal/parser/parser.go:122.79,124.3 1 1
github.com/savio/sbs-logger/internal/parser/parser.go:128.81,129.77 1 1
github.com/savio/sbs-logger/internal/parser/parser.go:129.77,131.3 1 1
github.com/savio/sbs-logger/internal/parser/parser.go:132.2,132.77 1 1
github.com/savio/sbs-logger/internal/parser/parser.go:132.77,134.3 1 1
github.com/savio/sbs-logger/internal/parser/parser.go:135.2,139.66 4 1
github.com/savio/sbs-logger/internal/parser/parser.go:139.66,141.3 1 1
github.com/savio/sbs-logger/internal/parser/parser.go:142.2,142.70 1 1
github.com/savio/sbs-logger/internal/parser/parser.go:142.70,144.3 1 1
github.com/savio/sbs-logger/internal/parser/parser.go:145.2,145.44 1 1
github.com/savio/sbs-logger/internal/parser/parser.go:149.83,150.35 1 1
github.com/savio/sbs-logger/internal/parser/parser.go:150.35,151.73 1 0
github.com/savio/sbs-logger/internal/parser/parser.go:151.73,153.4 1 0
github.com/savio/sbs-logger/internal/stats/stats.go:42.19,46.2 1 1
github.com/savio/sbs-logger/internal/stats/stats.go:49.38,53.2 3 1
github.com/savio/sbs-logger/internal/stats/stats.go:56.33,58.17 2 1
github.com/savio/sbs-logger/internal/stats/stats.go:58.17,61.3 2 1
github.com/savio/sbs-logger/internal/stats/stats.go:62.2,65.37 3 0
github.com/savio/sbs-logger/internal/stats/stats.go:69.42,71.2 1 1
github.com/savio/sbs-logger/internal/stats/stats.go:74.43,76.2 1 1
github.com/savio/sbs-logger/internal/stats/stats.go:79.43,81.2 1 1
github.com/savio/sbs-logger/internal/stats/stats.go:84.41,86.2 1 1
github.com/savio/sbs-logger/internal/stats/stats.go:89.51,90.56 1 1
github.com/savio/sbs-logger/internal/stats/stats.go:90.56,92.3 1 1
github.com/savio/sbs-logger/internal/stats/stats.go:96.43,98.2 1 1
github.com/savio/sbs-logger/internal/stats/stats.go:101.43,103.2 1 1
github.com/savio/sbs-logger/internal/stats/stats.go:106.41,108.2 1 1
github.com/savio/sbs-logger/internal/stats/stats.go:111.49,113.2 1 1
github.com/savio/sbs-logger/internal/stats/stats.go:116.48,118.2 1 1
github.com/savio/sbs-logger/internal/stats/stats.go:121.41,125.2 3 1
github.com/savio/sbs-logger/internal/stats/stats.go:128.59,132.2 3 1
github.com/savio/sbs-logger/internal/stats/stats.go:135.51,154.2 3 1
github.com/savio/sbs-logger/internal/stats/stats.go:157.33,185.2 2 1
github.com/savio/sbs-logger/internal/stats/stats.go:188.79,192.6 3 1
github.com/savio/sbs-logger/internal/stats/stats.go:192.6,193.10 1 1
github.com/savio/sbs-logger/internal/stats/stats.go:194.21,196.38 1 1
github.com/savio/sbs-logger/internal/stats/stats.go:196.38,198.5 1 1
github.com/savio/sbs-logger/internal/stats/stats.go:199.4,199.10 1 1
github.com/savio/sbs-logger/internal/stats/stats.go:200.19,201.38 1 1
github.com/savio/sbs-logger/internal/stats/stats.go:201.38,203.5 1 1
github.com/savio/sbs-logger/internal/storage/storage.go:23.37,28.2 1 1
github.com/savio/sbs-logger/internal/storage/storage.go:31.33,32.39 1 1
github.com/savio/sbs-logger/internal/storage/storage.go:32.39,34.3 1 0
github.com/savio/sbs-logger/internal/storage/storage.go:36.2,39.12 3 1
github.com/savio/sbs-logger/internal/storage/storage.go:43.32,50.19 5 1
github.com/savio/sbs-logger/internal/storage/storage.go:50.19,51.40 1 1
github.com/savio/sbs-logger/internal/storage/storage.go:51.40,53.4 1 0
github.com/savio/sbs-logger/internal/storage/storage.go:55.2,55.12 1 1
github.com/savio/sbs-logger/internal/storage/storage.go:59.54,63.19 3 1
github.com/savio/sbs-logger/internal/storage/storage.go:63.19,64.40 1 0
github.com/savio/sbs-logger/internal/storage/storage.go:64.40,66.4 1 0
github.com/savio/sbs-logger/internal/storage/storage.go:70.2,70.57 1 1
github.com/savio/sbs-logger/internal/storage/storage.go:70.57,73.3 2 1
github.com/savio/sbs-logger/internal/storage/storage.go:75.2,76.12 2 1
github.com/savio/sbs-logger/internal/storage/storage.go:80.35,83.6 2 1
github.com/savio/sbs-logger/internal/storage/storage.go:83.6,88.10 4 1
github.com/savio/sbs-logger/internal/storage/storage.go:89.31,90.48 1 0
github.com/savio/sbs-logger/internal/storage/storage.go:90.48,92.5 1 0
github.com/savio/sbs-logger/internal/storage/storage.go:93.21,94.10 1 1
github.com/savio/sbs-logger/internal/storage/storage.go:100.45,105.19 3 1
github.com/savio/sbs-logger/internal/storage/storage.go:105.19,106.40 1 0
github.com/savio/sbs-logger/internal/storage/storage.go:106.40,108.4 1 0
github.com/savio/sbs-logger/internal/storage/storage.go:109.3,109.15 1 0
github.com/savio/sbs-logger/internal/storage/storage.go:113.2,116.50 3 1
github.com/savio/sbs-logger/internal/storage/storage.go:116.50,117.55 1 0
github.com/savio/sbs-logger/internal/storage/storage.go:117.55,119.4 1 0
github.com/savio/sbs-logger/internal/storage/storage.go:123.2,123.23 1 1
github.com/savio/sbs-logger/internal/storage/storage.go:127.51,129.16 2 1
github.com/savio/sbs-logger/internal/storage/storage.go:129.16,131.3 1 0
github.com/savio/sbs-logger/internal/storage/storage.go:133.2,134.16 2 1
github.com/savio/sbs-logger/internal/storage/storage.go:134.16,136.3 1 0
github.com/savio/sbs-logger/internal/storage/storage.go:139.2,140.81 2 1
github.com/savio/sbs-logger/internal/storage/storage.go:140.81,142.3 1 1
github.com/savio/sbs-logger/internal/storage/storage.go:144.2,144.12 1 1
github.com/savio/sbs-logger/internal/storage/storage.go:148.55,150.49 1 1
github.com/savio/sbs-logger/internal/storage/storage.go:150.49,152.3 1 0
github.com/savio/sbs-logger/internal/storage/storage.go:156.2,157.16 2 1
github.com/savio/sbs-logger/internal/storage/storage.go:157.16,159.3 1 1
github.com/savio/sbs-logger/internal/storage/storage.go:160.2,160.15 1 1
github.com/savio/sbs-logger/internal/storage/storage.go:160.15,161.42 1 1
github.com/savio/sbs-logger/internal/storage/storage.go:161.42,163.4 1 0
github.com/savio/sbs-logger/internal/storage/storage.go:167.2,168.55 2 1
github.com/savio/sbs-logger/internal/storage/storage.go:168.55,170.3 1 0
github.com/savio/sbs-logger/internal/storage/storage.go:173.2,174.16 2 1
github.com/savio/sbs-logger/internal/storage/storage.go:174.16,176.3 1 0
github.com/savio/sbs-logger/internal/storage/storage.go:177.2,177.15 1 1
github.com/savio/sbs-logger/internal/storage/storage.go:177.15,178.42 1 1
github.com/savio/sbs-logger/internal/storage/storage.go:178.42,180.4 1 0
github.com/savio/sbs-logger/internal/storage/storage.go:184.2,185.15 2 1
github.com/savio/sbs-logger/internal/storage/storage.go:185.15,186.46 1 1
github.com/savio/sbs-logger/internal/storage/storage.go:186.46,188.4 1 0
github.com/savio/sbs-logger/internal/storage/storage.go:192.2,192.54 1 1
github.com/savio/sbs-logger/internal/storage/storage.go:192.54,194.3 1 0
github.com/savio/sbs-logger/internal/storage/storage.go:197.2,197.43 1 1
github.com/savio/sbs-logger/internal/storage/storage.go:197.43,199.3 1 0
github.com/savio/sbs-logger/internal/storage/storage.go:202.2,202.28 1 1
github.com/savio/sbs-logger/internal/storage/storage.go:206.38,211.49 3 1
github.com/savio/sbs-logger/internal/storage/storage.go:211.49,213.3 1 0
github.com/savio/sbs-logger/internal/storage/storage.go:216.2,217.16 2 1
github.com/savio/sbs-logger/internal/storage/storage.go:217.16,219.3 1 1
github.com/savio/sbs-logger/internal/storage/storage.go:221.2,222.12 2 1
github.com/savio/sbs-logger/internal/redis/client.go:19.40,30.47 4 1
github.com/savio/sbs-logger/internal/redis/client.go:30.47,32.3 1 1
github.com/savio/sbs-logger/internal/redis/client.go:34.2,34.37 1 0
github.com/savio/sbs-logger/internal/redis/client.go:38.32,40.2 1 1
github.com/savio/sbs-logger/internal/redis/client.go:43.79,45.16 2 0
github.com/savio/sbs-logger/internal/redis/client.go:45.16,47.3 1 0
github.com/savio/sbs-logger/internal/redis/client.go:49.2,50.57 2 0
github.com/savio/sbs-logger/internal/redis/client.go:54.102,56.22 2 0
github.com/savio/sbs-logger/internal/redis/client.go:56.22,58.3 1 0
github.com/savio/sbs-logger/internal/redis/client.go:59.2,59.16 1 0
github.com/savio/sbs-logger/internal/redis/client.go:59.16,61.3 1 0
github.com/savio/sbs-logger/internal/redis/client.go:63.2,63.53 1 0
github.com/savio/sbs-logger/internal/redis/client.go:63.53,65.3 1 0
github.com/savio/sbs-logger/internal/redis/client.go:67.2,67.12 1 0
github.com/savio/sbs-logger/internal/redis/client.go:71.89,74.63 3 0
github.com/savio/sbs-logger/internal/redis/client.go:74.63,76.3 1 0
github.com/savio/sbs-logger/internal/redis/client.go:77.2,77.21 1 0
github.com/savio/sbs-logger/internal/redis/client.go:81.75,84.2 2 0
github.com/savio/sbs-logger/internal/redis/client.go:87.92,89.16 2 0
github.com/savio/sbs-logger/internal/redis/client.go:89.16,91.3 1 0
github.com/savio/sbs-logger/internal/redis/client.go:93.2,94.56 2 0
github.com/savio/sbs-logger/internal/redis/client.go:98.103,101.70 3 0
github.com/savio/sbs-logger/internal/redis/client.go:101.70,103.3 1 0
github.com/savio/sbs-logger/internal/redis/client.go:104.2,104.20 1 0
github.com/savio/sbs-logger/internal/redis/client.go:108.82,111.2 2 0
github.com/savio/sbs-logger/internal/redis/client.go:114.94,117.12 3 0
github.com/savio/sbs-logger/internal/redis/client.go:117.12,119.3 1 0
github.com/savio/sbs-logger/internal/redis/client.go:120.2,120.58 1 0
github.com/savio/sbs-logger/internal/redis/client.go:124.90,127.22 3 0
github.com/savio/sbs-logger/internal/redis/client.go:127.22,129.3 1 0
github.com/savio/sbs-logger/internal/redis/client.go:130.2,130.16 1 0
github.com/savio/sbs-logger/internal/redis/client.go:130.16,132.3 1 0
github.com/savio/sbs-logger/internal/redis/client.go:134.2,134.24 1 0
github.com/savio/sbs-logger/internal/testutils/testutils.go:12.69,18.2 1 1
github.com/savio/sbs-logger/internal/testutils/testutils.go:21.75,28.6 5 1
github.com/savio/sbs-logger/internal/testutils/testutils.go:28.6,29.10 1 1
github.com/savio/sbs-logger/internal/testutils/testutils.go:30.21,31.54 1 1
github.com/savio/sbs-logger/internal/testutils/testutils.go:32.19,33.19 1 1
github.com/savio/sbs-logger/internal/testutils/testutils.go:33.19,35.5 1 1
github.com/savio/sbs-logger/internal/testutils/testutils.go:41.31,43.2 1 1
github.com/savio/sbs-logger/cmd/ingestor/main.go:24.13,27.19 2 0
github.com/savio/sbs-logger/cmd/ingestor/main.go:27.19,29.3 1 0
github.com/savio/sbs-logger/cmd/ingestor/main.go:31.2,32.19 2 0
github.com/savio/sbs-logger/cmd/ingestor/main.go:32.19,34.3 1 0
github.com/savio/sbs-logger/cmd/ingestor/main.go:37.2,38.16 2 0
github.com/savio/sbs-logger/cmd/ingestor/main.go:38.16,41.3 2 0
github.com/savio/sbs-logger/cmd/ingestor/main.go:42.2,50.36 5 0
github.com/savio/sbs-logger/cmd/ingestor/main.go:50.36,53.3 2 0
github.com/savio/sbs-logger/cmd/ingestor/main.go:56.2,62.25 6 0
github.com/savio/sbs-logger/cmd/ingestor/main.go:65.74,66.6 1 1
github.com/savio/sbs-logger/cmd/ingestor/main.go:66.6,67.10 1 1
github.com/savio/sbs-logger/cmd/ingestor/main.go:68.21,69.10 1 0
github.com/savio/sbs-logger/cmd/ingestor/main.go:70.11,71.64 1 1
github.com/savio/sbs-logger/cmd/ingestor/main.go:71.64,74.5 2 1
github.com/savio/sbs-logger/cmd/ingestor/main.go:79.84,82.16 2 1
github.com/savio/sbs-logger/cmd/ingestor/main.go:82.16,84.3 1 1
github.com/savio/sbs-logger/cmd/ingestor/main.go:85.2,85.15 1 1
github.com/savio/sbs-logger/cmd/ingestor/main.go:85.15,86.38 1 1
github.com/savio/sbs-logger/cmd/ingestor/main.go:86.38,88.4 1 0
github.com/savio/sbs-logger/cmd/ingestor/main.go:91.2,96.6 3 1
github.com/savio/sbs-logger/cmd/ingestor/main.go:96.6,97.10 1 1
github.com/savio/sbs-logger/cmd/ingestor/main.go:98.21,99.14 1 0
github.com/savio/sbs-logger/cmd/ingestor/main.go:100.11,102.81 1 1
github.com/savio/sbs-logger/cmd/ingestor/main.go:102.81,104.5 1 0
github.com/savio/sbs-logger/cmd/ingestor/main.go:107.4,108.18 2 1
github.com/savio/sbs-logger/cmd/ingestor/main.go:108.18,110.5 1 1
github.com/savio/sbs-logger/cmd/ingestor/main.go:113.4,119.56 2 1
github.com/savio/sbs-logger/cmd/ingestor/main.go:119.56,121.13 2 1
github.com/savio/sbs-logger/cmd/ingestor/main.go:127.60,129.16 2 1
github.com/savio/sbs-logger/cmd/ingestor/main.go:129.16,131.3 1 1
github.com/savio/sbs-logger/cmd/ingestor/main.go:133.2,133.6 1 1
github.com/savio/sbs-logger/cmd/ingestor/main.go:133.6,135.17 2 1
github.com/savio/sbs-logger/cmd/ingestor/main.go:135.17,137.4 1 1
github.com/savio/sbs-logger/cmd/ingestor/main.go:139.3,140.30 2 0
github.com/savio/sbs-logger/internal/capture/capture.go:29.37,36.2 1 1
github.com/savio/sbs-logger/internal/capture/capture.go:39.33,40.35 1 1
github.com/savio/sbs-logger/internal/capture/capture.go:40.35,43.3 2 1
github.com/savio/sbs-logger/internal/capture/capture.go:44.2,44.12 1 1
github.com/savio/sbs-logger/internal/capture/capture.go:48.131,49.15 1 1
github.com/savio/sbs-logger/internal/capture/capture.go:49.15,50.30 1 1
github.com/savio/sbs-logger/internal/capture/capture.go:50.30,52.4 1 1
github.com/savio/sbs-logger/internal/capture/capture.go:53.3,53.20 1 1
github.com/savio/sbs-logger/internal/capture/capture.go:55.2,55.44 1 1
github.com/savio/sbs-logger/internal/capture/capture.go:55.44,58.3 1 1
github.com/savio/sbs-logger/internal/capture/capture.go:59.2,59.34 1 1
github.com/savio/sbs-logger/internal/capture/capture.go:63.71,64.44 1 1
github.com/savio/sbs-logger/internal/capture/capture.go:64.44,65.52 1 1
github.com/savio/sbs-logger/internal/capture/capture.go:65.52,67.4 1 0
github.com/savio/sbs-logger/internal/capture/capture.go:68.3,68.69 1 1
github.com/savio/sbs-logger/internal/capture/capture.go:68.69,70.4 1 0
github.com/savio/sbs-logger/internal/capture/capture.go:71.3,71.50 1 1
github.com/savio/sbs-logger/internal/capture/capture.go:71.50,73.4 1 0
github.com/savio/sbs-logger/internal/capture/capture.go:78.121,79.16 1 1
github.com/savio/sbs-logger/internal/capture/capture.go:79.16,80.31 1 1
github.com/savio/sbs-logger/internal/capture/capture.go:80.31,82.69 2 1
github.com/savio/sbs-logger/internal/capture/capture.go:82.69,84.5 1 1
github.com/savio/sbs-logger/internal/capture/capture.go:84.10,84.41 1 1
github.com/savio/sbs-logger/internal/capture/capture.go:84.41,86.5 1 1
github.com/savio/sbs-logger/internal/capture/capture.go:87.4,87.32 1 1
github.com/savio/sbs-logger/internal/capture/capture.go:88.9,90.4 1 1
github.com/savio/sbs-logger/internal/capture/capture.go:91.3,91.19 1 1
github.com/savio/sbs-logger/internal/capture/capture.go:93.2,93.34 1 1
github.com/savio/sbs-logger/internal/capture/capture.go:97.26,100.31 3 1
github.com/savio/sbs-logger/internal/capture/capture.go:100.31,101.38 1 0
github.com/savio/sbs-logger/internal/capture/capture.go:101.38,103.4 1 0
github.com/savio/sbs-logger/internal/capture/capture.go:105.2,107.18 3 1
github.com/savio/sbs-logger/internal/capture/capture.go:111.45,113.2 1 1
github.com/savio/sbs-logger/internal/capture/capture.go:115.50,123.6 6 1
github.com/savio/sbs-logger/internal/capture/capture.go:123.6,124.10 1 1
github.com/savio/sbs-logger/internal/capture/capture.go:125.21,126.10 1 1
github.com/savio/sbs-logger/internal/capture/capture.go:127.11,128.23 1 1
github.com/savio/sbs-logger/internal/capture/capture.go:128.23,131.5 2 1
github.com/savio/sbs-logger/internal/capture/capture.go:133.4,134.18 2 1
github.com/savio/sbs-logger/internal/capture/capture.go:134.18,136.13 2 1
github.com/savio/sbs-logger/internal/capture/capture.go:140.4,155.17 10 0
github.com/savio/sbs-logger/internal/capture/capture.go:155.17,158.5 2 0
github.com/savio/sbs-logger/internal/capture/capture.go:163.66,164.15 1 0
github.com/savio/sbs-logger/internal/capture/capture.go:164.15,165.38 1 0
github.com/savio/sbs-logger/internal/capture/capture.go:165.38,167.4 1 0
github.com/savio/sbs-logger/internal/capture/capture.go:170.2,173.6 3 0
github.com/savio/sbs-logger/internal/capture/capture.go:173.6,174.10 1 0
github.com/savio/sbs-logger/internal/capture/capture.go:175.21,176.10 1 0
github.com/savio/sbs-logger/internal/capture/capture.go:177.11,179.80 1 0
github.com/savio/sbs-logger/internal/capture/capture.go:179.80,181.5 1 0
github.com/savio/sbs-logger/internal/capture/capture.go:183.4,184.18 2 0
github.com/savio/sbs-logger/internal/capture/capture.go:184.18,185.62 1 0
github.com/savio/sbs-logger/internal/capture/capture.go:185.62,187.53 1 0
github.com/savio/sbs-logger/internal/capture/capture.go:187.53,189.7 1 0
github.com/savio/sbs-logger/internal/capture/capture.go:191.6,191.62 1 0
github.com/savio/sbs-logger/internal/capture/capture.go:191.62,193.7 1 0
github.com/savio/sbs-logger/internal/capture/capture.go:194.6,194.14 1 0
github.com/savio/sbs-logger/internal/capture/capture.go:196.5,196.11 1 0
github.com/savio/sbs-logger/internal/capture/capture.go:200.4,200.60 1 0
github.com/savio/sbs-logger/internal/capture/capture.go:200.60,202.5 1 0
github.com/savio/sbs-logger/internal/capture/capture.go:205.4,212.11 4 0
github.com/savio/sbs-logger/internal/capture/capture.go:217.6,217.6 0 0
github.com/savio/sbs-logger/internal/capture/capture.go:218.22,219.11 1 0
